<?xml version="1.0" encoding="UTF-8"?>
<!-- Generated by org.testng.reporters.JUnitXMLReporter -->
<testsuite ignored="0" hostname="DESKTOP-EDB1SR6" failures="1" tests="1" name="Test" time="12.239" errors="0" timestamp="2022-04-27T23:39:21 IST">
  <testcase classname="Academy.ValidateTitle" name="validateAppTitle" time="5.043">
    <failure type="java.lang.AssertionError" message="expected [Featured Courses] but found [Featured Courses1]">
      <![CDATA[java.lang.AssertionError: expected [Featured Courses] but found [Featured Courses1]
at Academy.ValidateTitle.validateAppTitle(ValidateTitle.java:41)
at java.base/java.util.ArrayList.forEach(ArrayList.java:1540)
... Removed 33 stack frames]]>
    </failure>
  </testcase> <!-- validateAppTitle -->
</testsuite> <!-- Test -->
