<?xml version="1.0" encoding="UTF-8"?>
<!-- Generated by org.testng.reporters.JUnitXMLReporter -->
<testsuite ignored="0" hostname="DESKTOP-EDB1SR6" failures="1" tests="1" name="Validate Title" time="25.949" errors="0" timestamp="2022-04-29T12:08:04 IST">
  <testcase classname="Academy.ValidateTitle" name="validateAppTitle" time="5.192">
    <failure type="java.lang.AssertionError" message="expected [Featured Courses] but found [Featured Courses1]">
      <![CDATA[java.lang.AssertionError: expected [Featured Courses] but found [Featured Courses1]
at Academy.ValidateTitle.validateAppTitle(ValidateTitle.java:41)
at java.base/java.util.ArrayList.forEach(ArrayList.java:1540)
at java.base/java.util.concurrent.FutureTask.run(FutureTask.java:264)
at java.base/java.util.concurrent.ThreadPoolExecutor.runWorker(ThreadPoolExecutor.java:1128)
at java.base/java.util.concurrent.ThreadPoolExecutor$Worker.run(ThreadPoolExecutor.java:628)
at java.base/java.lang.Thread.run(Thread.java:834)
... Removed 24 stack frames]]>
    </failure>
  </testcase> <!-- validateAppTitle -->
</testsuite> <!-- Validate Title -->
