-------------------------------------------------------------------------------
Test set: TestSuite
-------------------------------------------------------------------------------
Tests run: 4, Failures: 1, Errors: 0, Skipped: 0, Time elapsed: 31.175 s <<< FAILURE! - in TestSuite
validateAppTitle(Academy.ValidateTitle)  Time elapsed: 6.029 s  <<< FAILURE!
java.lang.AssertionError: expected [Featured Courses] but found [Featured Courses1]
	at Academy.ValidateTitle.validateAppTitle(ValidateTitle.java:41)

